Command line:
   tb_Arbiter_isim_beh.exe
     -simmode  gui
     -simrunnum  0
     -socket  46495

Thu Apr  4 22:21:25 2019


 Elaboration Time: 0.02 sec

 Current Memory Usage: 205.132 Meg

 Total Signals          : 2189
 Total Nets             : 6586
 Total Signal Drivers   : 904
 Total Blocks           : 105
 Total Primitive Blocks : 59
 Total Processes        : 352
 Total Traceable Variables  : 1327
 Total Scalar Nets and Variables : 8513
Total Line Count : 1314
Total Line Count : 1314

 Total Simulation Time: 0.06 sec

 Current Memory Usage: 280.633 Meg

Thu Apr  4 22:23:12 2019

