Command line:
   tb_queue_isim_beh.exe
     -simmode  gui
     -simrunnum  0
     -socket  43167

Thu Apr  4 20:13:10 2019


 Elaboration Time: 0.02 sec

 Current Memory Usage: 198.869 Meg

 Total Signals          : 544
 Total Nets             : 1640
 Total Signal Drivers   : 223
 Total Blocks           : 29
 Total Primitive Blocks : 17
 Total Processes        : 88
 Total Traceable Variables  : 341
 Total Scalar Nets and Variables : 2407
Total Line Count : 302

 Total Simulation Time: 0.05 sec

 Current Memory Usage: 274.371 Meg

Thu Apr  4 20:16:17 2019

